<?xml version="1.0" encoding="UTF-8"?>
<!-- Generated by org.testng.reporters.JUnitReportReporter -->
<testsuite hostname="c102.narola.local" failures="0" tests="2" name="ForgotPasswordTestcases" time="61.671" errors="0" timestamp="2022-07-14T11:06:56 IST" skipped="0">
  <testcase classname="ForgotPasswordTestcases" name="Insertwithoutusername" time="29.151"/>
  <system-out/>
  <testcase classname="ForgotPasswordTestcases" name="Recoverpassword" time="32.520"/>
  <system-out/>
</testsuite> <!-- ForgotPasswordTestcases -->
